[    1759ms] [ERROR] Failed to load resource: the server responded with a status of 404 () @ https://www.thekitchn.com/granite-vs-quartz-countertops-pros-cons-23197534:0
[    1916ms] [WARNING] Permutive was not initialized. Can't find permutive tag on the page @ https://cdn.permutive.com/15f2ad6b-419e-4fad-afad-a5597d0617ca-web.js:0
[    1924ms] [LOG] [OpenWeb Launcher Entry] v6.0.1 @ https://launcher.spot.im/spot/sp_psR3LEKl:14
[    2276ms] [WARNING] Recirc: unknown uiComponent for name: ErrorPage__below @ https://www.thekitchn.com/_next/static/chunks/5471-6e9a074228103bb3.js:0
[    2295ms] [LOG] %c EvalError
    at ol (https://www.thekitchn.com/jAYekY18/init.js:2:68193)
    at qn (https://www.thekitchn.com/jAYekY18/init.js:2:72025)
    at KI (https://www.thekitchn.com/jAYekY18/init.js:2:229498)
    at KG (https://www.thekitchn.com/jAYekY18/init.js:2:229121)
    at https://www.thekitchn.com/jAYekY18/init.js:2:230842
    at https://www.thekitchn.com/jAYekY18/init.js:2:230848
    at https://www.thekitchn.com/jAYekY18/init.js:2:231313 @ https://www.thekitchn.com/jAYekY18/init.js:1
[    2537ms] [WARNING] Recirc: unknown uiComponent for name: ErrorPage__below @ https://www.thekitchn.com/_next/static/chunks/5471-6e9a074228103bb3.js:0
[    2762ms] [LOG] OneTrust: Loaded @ https://www.thekitchn.com/_next/static/chunks/9553-0b903fb37b475bae.js:42
[    2765ms] [LOG] OneTrust: Consent Groups [C0001] @ https://www.thekitchn.com/_next/static/chunks/pages/_app-d3d00f731ddd18ce.js:18
[    2780ms] [LOG] [OpenWeb Social] v1.0.0 @ https://static-cdn.spot.im/production/social/tags/social-v1.0.0/social/social-bundle.js:0
[    2928ms] [INFO] Banner not shown: beforeinstallpromptevent.preventDefault() called. The page must call beforeinstallpromptevent.prompt() to show the banner. @ https://www.thekitchn.com/granite-vs-quartz-countertops-pros-cons-23197534:0
[    3126ms] Uncaught Error: called without required arguments
    at y (https://static-cdn.spot.im/production/social/tags/social-v1.0.0/social/511-bundle.js:0:71759)
    at <anonymous> (https://static-cdn.spot.im/production/social/tags/social-v1.0.0/social/social-bundle.js:0:12841)
    at u.onmessage (https://static-cdn.spot.im/production/social/tags/social-v1.0.0/social/social-bundle.js:0:15564)
[    3304ms] Uncaught (in promise) Error: "token" must not be empty
    at <anonymous> (https://static-cdn.spot.im/production/social/tags/social-v1.0.0/social/691-bundle.js:1:310368)
    at validate (https://static-cdn.spot.im/production/social/tags/social-v1.0.0/social/691-bundle.js:1:310331)
    at <anonymous> (https://static-cdn.spot.im/production/social/tags/social-v1.0.0/social/691-bundle.js:1:310991)
    at <anonymous> (https://static-cdn.spot.im/production/social/tags/social-v1.0.0/social/691-bundle.js:1:310967)
    at t.isRefreshTokenExpired (https://static-cdn.spot.im/production/social/tags/social-v1.0.0/social/691-bundle.js:1:341068)
    at <anonymous> (https://static-cdn.spot.im/production/social/tags/social-v1.0.0/registration/354-bundle.js:0:4439)
    at <anonymous> (https://static-cdn.spot.im/production/social/tags/social-v1.0.0/registration/163-bundle.js:1:11085)
    at <anonymous> (https://static-cdn.spot.im/production/social/tags/social-v1.0.0/registration/163-bundle.js:1:7804)
    at <anonymous> (https://static-cdn.spot.im/production/social/tags/social-v1.0.0/registration/163-bundle.js:1:9787)
    at n (https://static-cdn.spot.im/production/social/tags/social-v1.0.0/registration/163-bundle.js:1:12529)
    at a (https://static-cdn.spot.im/production/social/tags/social-v1.0.0/registration/163-bundle.js:1:12732)
[    3495ms] [ERROR] Failed to load resource: the server responded with a status of 401 () @ https://auth.openweb.com/v1/auth/try-refresh?dcs=f&dcr=f:0
[    3725ms] [WARNING] [GSI_LOGGER]: Your client application uses one of the Google One Tap prompt UI status methods that may stop functioning when FedCM becomes mandatory. Refer to the migration guide to update your code accordingly and opt-in to FedCM to test your changes. Learn more: https://developers.google.com/identity/gsi/web/guides/fedcm-migration?s=dc#display_moment and https://developers.google.com/identity/gsi/web/guides/fedcm-migration?s=dc#skipped_moment @ https://accounts.google.com/gsi/client:86
[    3727ms] [ERROR] Not signed in with the identity provider. @ https://www.thekitchn.com/granite-vs-quartz-countertops-pros-cons-23197534:0
